<?xml version="1.0" encoding="UTF-8"?>
<!-- Generated by org.testng.reporters.JUnitReportReporter -->
<testsuite hostname="LAPTOP-INRTGG3N" failures="0" tests="3" name="com.Automationexercise.test.TS01_Demo1" time="19.601" errors="0" timestamp="2024-09-21T19:03:52 IST" skipped="0">
  <testcase classname="com.Automationexercise.test.TS01_Demo1" name="test1" time="15.550"/>
  <system-out/>
  <testcase classname="com.Automationexercise.test.TS01_Demo1" name="cart" time="4.018"/>
  <system-out/>
  <testcase classname="com.Automationexercise.test.TS01_Demo1" name="initializePageFactory" time="0.033"/>
  <system-out/>
</testsuite> <!-- com.Automationexercise.test.TS01_Demo1 -->
